
-------------------------------------------------------------------------------
   ROBOCOPY     ::     Copia di file efficace per Windows                              
-------------------------------------------------------------------------------

  Avviato: sabato 9 novembre 2024 20:45:23
      Origine : D:\github_repo\printer_data\
 Destinazione : \\192.168.1.171\hhd\azz\

         File: *.*
	    
      Opzioni: *.* /S /E /COPYALL /NP /R:1 /W:1 

-------------------------------------------------------------------------------

	                   7	D:\github_repo\printer_data\
	    Nuovo file		      34	.gitignore
2024/11/09 20:45:23 ERRORE 1314 (0x00000522) Copia della sicurezza NTFS nel file di destinazione in corso D:\github_repo\printer_data\.gitignore
Il privilegio richiesto non appartiene al client.

	    Nuovo file		      32	.moonraker.uuid
2024/11/09 20:45:23 ERRORE 1314 (0x00000522) Copia della sicurezza NTFS nel file di destinazione in corso D:\github_repo\printer_data\.moonraker.uuid
Il privilegio richiesto non appartiene al client.

	    Nuovo file		  234727	hotend fan safe relay scheme.png
2024/11/09 20:45:23 ERRORE 1314 (0x00000522) Copia della sicurezza NTFS nel file di destinazione in corso D:\github_repo\printer_data\hotend fan safe relay scheme.png
Il privilegio richiesto non appartiene al client.

	    Nuovo file		      91	moonraker.asvc
2024/11/09 20:45:23 ERRORE 1314 (0x00000522) Copia della sicurezza NTFS nel file di destinazione in corso D:\github_repo\printer_data\moonraker.asvc
Il privilegio richiesto non appartiene al client.

	    Nuovo file		   15167	printer.cfg
2024/11/09 20:45:23 ERRORE 1314 (0x00000522) Copia della sicurezza NTFS nel file di destinazione in corso D:\github_repo\printer_data\printer.cfg
Il privilegio richiesto non appartiene al client.

	    Nuovo file		     871	readme.md
2024/11/09 20:45:23 ERRORE 1314 (0x00000522) Copia della sicurezza NTFS nel file di destinazione in corso D:\github_repo\printer_data\readme.md
Il privilegio richiesto non appartiene al client.

	    Nuovo file		  373938	rfid_ESP32_TASMOTA.png
2024/11/09 20:45:23 ERRORE 1314 (0x00000522) Copia della sicurezza NTFS nel file di destinazione in corso D:\github_repo\printer_data\rfid_ESP32_TASMOTA.png
Il privilegio richiesto non appartiene al client.

	Nuova directory       7	D:\github_repo\printer_data\.git\
2024/11/09 20:45:23 ERRORE 1314 (0x00000522) Copia della sicurezza NTFS nel file di origine in corso \\192.168.1.171\hhd\azz\.git\
Il privilegio richiesto non appartiene al client.

	Nuova directory       0	D:\github_repo\printer_data\backup\
2024/11/09 20:45:23 ERRORE 1314 (0x00000522) Copia della sicurezza NTFS nel file di origine in corso \\192.168.1.171\hhd\azz\backup\
Il privilegio richiesto non appartiene al client.

	Nuova directory      50	D:\github_repo\printer_data\config\
2024/11/09 20:45:29 ERRORE 1314 (0x00000522) Copia della sicurezza NTFS nel file di origine in corso \\192.168.1.171\hhd\azz\config\
Il privilegio richiesto non appartiene al client.

	Nuova directory       3	D:\github_repo\printer_data\database\
2024/11/09 20:45:29 ERRORE 1314 (0x00000522) Copia della sicurezza NTFS nel file di origine in corso \\192.168.1.171\hhd\azz\database\
Il privilegio richiesto non appartiene al client.

	Nuova directory       1	D:\github_repo\printer_data\misc\
2024/11/09 20:45:29 ERRORE 1314 (0x00000522) Copia della sicurezza NTFS nel file di origine in corso \\192.168.1.171\hhd\azz\misc\
Il privilegio richiesto non appartiene al client.

	Nuova directory       3	D:\github_repo\printer_data\systemd\
2024/11/09 20:45:29 ERRORE 1314 (0x00000522) Copia della sicurezza NTFS nel file di origine in corso \\192.168.1.171\hhd\azz\systemd\
Il privilegio richiesto non appartiene al client.


-------------------------------------------------------------------------------

              Totale   Copiato  IgnorateNon corrispondentiNon riuscitaSupplementari
Directory:         7         6         1         0         0         0
     File:         7         0         0         0         7         0
     Byte:   610.2 k         0         0         0   610.2 k         0
   Durata:   0:00:05   0:00:00                       0:00:00   0:00:05
   Terminato: sabato 9 novembre 2024 20:45:29

2024-11-09 20:45:32.915 - ***************************************
2024-11-09 20:45:34.767 - [Task] Deleted empty Folder \\192.168.1.171\hhd\azz\.git
2024-11-09 20:45:34.783 - [Task] Deleted empty Folder \\192.168.1.171\hhd\azz\backup
2024-11-09 20:45:34.799 - [Task] Deleted empty Folder \\192.168.1.171\hhd\azz\config
2024-11-09 20:45:34.814 - [Task] Deleted empty Folder \\192.168.1.171\hhd\azz\database
2024-11-09 20:45:34.814 - [Task] Deleted empty Folder \\192.168.1.171\hhd\azz\misc
2024-11-09 20:45:34.830 - [Task] Deleted empty Folder \\192.168.1.171\hhd\azz\systemd
2024-11-09 20:45:36.967 - ***************************************
