2024-11-09 21:53:25.550 - [Service] Service started
2024-11-09 21:53:25.550 - [Cleanup] Log cleanup started
2024-11-09 21:53:25.565 - [Timer] Next tick in 34,435 s
2024-11-09 21:53:42.944 - [Service] Service started
2024-11-09 21:53:42.944 - [Cleanup] Log cleanup started
2024-11-09 21:53:42.960 - [Timer] Next tick in 17,04 s
2024-11-09 21:53:59.234 - [Service] Service started
2024-11-09 21:53:59.234 - [Cleanup] Log cleanup started
2024-11-09 21:53:59.252 - [Timer] Next tick in 0,748 s
2024-11-09 21:54:00.032 - [Timer] Tick
2024-11-09 21:54:00.047 - [Task] Next task GUID sdssdas run scheduled at 2024-11-10 00:00:00.000
2024-11-09 21:54:00.047 - [Cleanup] Next log cleanup scheduled at 2024-11-10 00:00:00.000
2024-11-09 21:54:00.047 - [Timer] Next tick in 59,968 s
2024-11-09 21:54:32.273 - [Service] Service started
2024-11-09 21:54:32.273 - [Cleanup] Log cleanup started
2024-11-09 21:54:32.289 - [Timer] Next tick in 27,711 s
2024-11-09 21:55:38.443 - [Service] Service started
2024-11-09 21:55:38.443 - [Cleanup] Log cleanup started
2024-11-09 21:55:38.459 - [Timer] Next tick in 21,541 s
2024-11-09 21:56:11.598 - [Service] Service started
2024-11-09 21:56:11.598 - [Cleanup] Log cleanup started
2024-11-09 21:56:11.598 - [Timer] Next tick in 48,402 s
