2024-11-10 10:38:02.520 - [Service] Service started
2024-11-10 10:39:46.392 - [Config] config file not exist
2024-11-10 10:39:47.205 - [Service] Service started
2024-11-10 10:40:40.748 - [Config] config file not exist, 0 task present!!!
2024-11-10 10:40:40.748 - [Service] Service started
2024-11-10 10:40:44.234 - [Cleanup] Log cleanup started
2024-11-10 10:40:46.984 - [Timer] Next tick in 13,017 s
2024-11-10 10:47:48.488 - [Config] config file not exist, 0 task present!!!
2024-11-10 10:47:48.488 - [Service] Service started
2024-11-10 10:47:48.490 - [Cleanup] Log cleanup started
2024-11-10 10:47:48.507 - [Timer] Next tick in 11,493 s
2024-11-10 10:48:03.355 - [Timer] Tick
2024-11-10 10:48:11.003 - [Cleanup] Next log cleanup scheduled at 2024-11-11 00:00:00.000
2024-11-10 10:48:28.904 - [Timer] Next tick in 55,79 s
2024-11-10 13:55:33.133 - [Config] config file not exist, 0 task present!!!
2024-11-10 13:55:33.133 - [Service] Service started
2024-11-10 13:55:33.133 - [Cleanup] Log cleanup started
2024-11-10 13:55:33.149 - [Timer] Next tick in 26,852 s
2024-11-10 14:12:00.825 - [Config] config file not exist, 0 task present!!!
2024-11-10 14:12:00.825 - [Service] Service started
2024-11-10 14:12:00.825 - [Cleanup] Log cleanup started
2024-11-10 14:12:00.860 - [Timer] Next tick in 59,14 s
2024-11-10 14:12:25.386 - [Config] config file not exist, 0 task present!!!
2024-11-10 14:12:25.386 - [Service] Service started
2024-11-10 14:12:25.386 - [Cleanup] Log cleanup started
2024-11-10 14:12:25.402 - [Timer] Next tick in 34,598 s
